rake aborted!
StandardError: An error has occurred, this and all later migrations canceled:

undefined method `tinyint' for #<ActiveRecord::ConnectionAdapters::PostgreSQL::TableDefinition:0x00000007b4a738>/vagrant/qatime/db/migrate/20151002033027_create_deposits.rb:6:in `block in change'
/home/vagrant/.rvm/gems/ruby-2.2.1@qatime/gems/activerecord-4.2.0/lib/active_record/connection_adapters/abstract/schema_statements.rb:200:in `create_table'
/home/vagrant/.rvm/gems/ruby-2.2.1@qatime/gems/activerecord-4.2.0/lib/active_record/migration.rb:662:in `block in method_missing'
/home/vagrant/.rvm/gems/ruby-2.2.1@qatime/gems/activerecord-4.2.0/lib/active_record/migration.rb:632:in `block in say_with_time'
/home/vagrant/.rvm/gems/ruby-2.2.1@qatime/gems/activerecord-4.2.0/lib/active_record/migration.rb:632:in `say_with_time'
/home/vagrant/.rvm/gems/ruby-2.2.1@qatime/gems/activerecord-4.2.0/lib/active_record/migration.rb:652:in `method_missing'
/vagrant/qatime/db/migrate/20151002033027_create_deposits.rb:3:in `change'
/home/vagrant/.rvm/gems/ruby-2.2.1@qatime/gems/activerecord-4.2.0/lib/active_record/migration.rb:606:in `exec_migration'
/home/vagrant/.rvm/gems/ruby-2.2.1@qatime/gems/activerecord-4.2.0/lib/active_record/migration.rb:590:in `block (2 levels) in migrate'
/home/vagrant/.rvm/gems/ruby-2.2.1@qatime/gems/activerecord-4.2.0/lib/active_record/migration.rb:589:in `block in migrate'
/home/vagrant/.rvm/gems/ruby-2.2.1@qatime/gems/activerecord-4.2.0/lib/active_record/connection_adapters/abstract/connection_pool.rb:292:in `with_connection'
/home/vagrant/.rvm/gems/ruby-2.2.1@qatime/gems/activerecord-4.2.0/lib/active_record/migration.rb:588:in `migrate'
/home/vagrant/.rvm/gems/ruby-2.2.1@qatime/gems/activerecord-4.2.0/lib/active_record/migration.rb:765:in `migrate'
/home/vagrant/.rvm/gems/ruby-2.2.1@qatime/gems/activerecord-4.2.0/lib/active_record/migration.rb:995:in `block in execute_migration_in_transaction'
/home/vagrant/.rvm/gems/ruby-2.2.1@qatime/gems/activerecord-4.2.0/lib/active_record/migration.rb:1041:in `block in ddl_transaction'
/home/vagrant/.rvm/gems/ruby-2.2.1@qatime/gems/activerecord-4.2.0/lib/active_record/connection_adapters/abstract/database_statements.rb:213:in `block in transaction'
/home/vagrant/.rvm/gems/ruby-2.2.1@qatime/gems/activerecord-4.2.0/lib/active_record/connection_adapters/abstract/transaction.rb:188:in `within_new_transaction'
/home/vagrant/.rvm/gems/ruby-2.2.1@qatime/gems/activerecord-4.2.0/lib/active_record/connection_adapters/abstract/database_statements.rb:213:in `transaction'
/home/vagrant/.rvm/gems/ruby-2.2.1@qatime/gems/activerecord-4.2.0/lib/active_record/transactions.rb:220:in `transaction'
/home/vagrant/.rvm/gems/ruby-2.2.1@qatime/gems/activerecord-4.2.0/lib/active_record/migration.rb:1041:in `ddl_transaction'
/home/vagrant/.rvm/gems/ruby-2.2.1@qatime/gems/activerecord-4.2.0/lib/active_record/migration.rb:994:in `execute_migration_in_transaction'
/home/vagrant/.rvm/gems/ruby-2.2.1@qatime/gems/activerecord-4.2.0/lib/active_record/migration.rb:956:in `block in migrate'
/home/vagrant/.rvm/gems/ruby-2.2.1@qatime/gems/activerecord-4.2.0/lib/active_record/migration.rb:952:in `each'
/home/vagrant/.rvm/gems/ruby-2.2.1@qatime/gems/activerecord-4.2.0/lib/active_record/migration.rb:952:in `migrate'
/home/vagrant/.rvm/gems/ruby-2.2.1@qatime/gems/activerecord-4.2.0/lib/active_record/migration.rb:820:in `up'
/home/vagrant/.rvm/gems/ruby-2.2.1@qatime/gems/activerecord-4.2.0/lib/active_record/migration.rb:798:in `migrate'
/home/vagrant/.rvm/gems/ruby-2.2.1@qatime/gems/activerecord-4.2.0/lib/active_record/tasks/database_tasks.rb:137:in `migrate'
/home/vagrant/.rvm/gems/ruby-2.2.1@qatime/gems/activerecord-4.2.0/lib/active_record/railties/databases.rake:44:in `block (2 levels) in <top (required)>'
NoMethodError: undefined method `tinyint' for #<ActiveRecord::ConnectionAdapters::PostgreSQL::TableDefinition:0x00000007b4a738>
/vagrant/qatime/db/migrate/20151002033027_create_deposits.rb:6:in `block in change'
/home/vagrant/.rvm/gems/ruby-2.2.1@qatime/gems/activerecord-4.2.0/lib/active_record/connection_adapters/abstract/schema_statements.rb:200:in `create_table'
/home/vagrant/.rvm/gems/ruby-2.2.1@qatime/gems/activerecord-4.2.0/lib/active_record/migration.rb:662:in `block in method_missing'
/home/vagrant/.rvm/gems/ruby-2.2.1@qatime/gems/activerecord-4.2.0/lib/active_record/migration.rb:632:in `block in say_with_time'
/home/vagrant/.rvm/gems/ruby-2.2.1@qatime/gems/activerecord-4.2.0/lib/active_record/migration.rb:632:in `say_with_time'
/home/vagrant/.rvm/gems/ruby-2.2.1@qatime/gems/activerecord-4.2.0/lib/active_record/migration.rb:652:in `method_missing'
/vagrant/qatime/db/migrate/20151002033027_create_deposits.rb:3:in `change'
/home/vagrant/.rvm/gems/ruby-2.2.1@qatime/gems/activerecord-4.2.0/lib/active_record/migration.rb:606:in `exec_migration'
/home/vagrant/.rvm/gems/ruby-2.2.1@qatime/gems/activerecord-4.2.0/lib/active_record/migration.rb:590:in `block (2 levels) in migrate'
/home/vagrant/.rvm/gems/ruby-2.2.1@qatime/gems/activerecord-4.2.0/lib/active_record/migration.rb:589:in `block in migrate'
/home/vagrant/.rvm/gems/ruby-2.2.1@qatime/gems/activerecord-4.2.0/lib/active_record/connection_adapters/abstract/connection_pool.rb:292:in `with_connection'
/home/vagrant/.rvm/gems/ruby-2.2.1@qatime/gems/activerecord-4.2.0/lib/active_record/migration.rb:588:in `migrate'
/home/vagrant/.rvm/gems/ruby-2.2.1@qatime/gems/activerecord-4.2.0/lib/active_record/migration.rb:765:in `migrate'
/home/vagrant/.rvm/gems/ruby-2.2.1@qatime/gems/activerecord-4.2.0/lib/active_record/migration.rb:995:in `block in execute_migration_in_transaction'
/home/vagrant/.rvm/gems/ruby-2.2.1@qatime/gems/activerecord-4.2.0/lib/active_record/migration.rb:1041:in `block in ddl_transaction'
/home/vagrant/.rvm/gems/ruby-2.2.1@qatime/gems/activerecord-4.2.0/lib/active_record/connection_adapters/abstract/database_statements.rb:213:in `block in transaction'
/home/vagrant/.rvm/gems/ruby-2.2.1@qatime/gems/activerecord-4.2.0/lib/active_record/connection_adapters/abstract/transaction.rb:188:in `within_new_transaction'
/home/vagrant/.rvm/gems/ruby-2.2.1@qatime/gems/activerecord-4.2.0/lib/active_record/connection_adapters/abstract/database_statements.rb:213:in `transaction'
/home/vagrant/.rvm/gems/ruby-2.2.1@qatime/gems/activerecord-4.2.0/lib/active_record/transactions.rb:220:in `transaction'
/home/vagrant/.rvm/gems/ruby-2.2.1@qatime/gems/activerecord-4.2.0/lib/active_record/migration.rb:1041:in `ddl_transaction'
/home/vagrant/.rvm/gems/ruby-2.2.1@qatime/gems/activerecord-4.2.0/lib/active_record/migration.rb:994:in `execute_migration_in_transaction'
/home/vagrant/.rvm/gems/ruby-2.2.1@qatime/gems/activerecord-4.2.0/lib/active_record/migration.rb:956:in `block in migrate'
/home/vagrant/.rvm/gems/ruby-2.2.1@qatime/gems/activerecord-4.2.0/lib/active_record/migration.rb:952:in `each'
/home/vagrant/.rvm/gems/ruby-2.2.1@qatime/gems/activerecord-4.2.0/lib/active_record/migration.rb:952:in `migrate'
/home/vagrant/.rvm/gems/ruby-2.2.1@qatime/gems/activerecord-4.2.0/lib/active_record/migration.rb:820:in `up'
/home/vagrant/.rvm/gems/ruby-2.2.1@qatime/gems/activerecord-4.2.0/lib/active_record/migration.rb:798:in `migrate'
/home/vagrant/.rvm/gems/ruby-2.2.1@qatime/gems/activerecord-4.2.0/lib/active_record/tasks/database_tasks.rb:137:in `migrate'
/home/vagrant/.rvm/gems/ruby-2.2.1@qatime/gems/activerecord-4.2.0/lib/active_record/railties/databases.rake:44:in `block (2 levels) in <top (required)>'
Tasks: TOP => db:migrate
(See full trace by running task with --trace)
